<?xml version="1.0" encoding="UTF-8"?>
<Site BuildName="Linux-c++"
	BuildStamp="20240320-0823-Experimental"
	Name="maxence-HP-ProBook-440-G8-Notebook-PC"
	Generator="ctest-3.28.1"
	CompilerName="/usr/bin/c++"
	CompilerVersion="11.4.0"
	OSName="Linux"
	Hostname="maxence-HP-ProBook-440-G8-Notebook-PC"
	OSRelease="6.5.0-25-generic"
	OSVersion="#25~22.04.1-Ubuntu SMP PREEMPT_DYNAMIC Tue Feb 20 16:09:15 UTC 2"
	OSPlatform="x86_64"
	Is64Bits="1"
	VendorString="GenuineIntel"
	VendorID="Intel Corporation"
	FamilyID="6"
	ModelID="140"
	ProcessorCacheSize="8192"
	NumberOfLogicalCPU="8"
	NumberOfPhysicalCPU="4"
	TotalVirtualMemory="2047"
	TotalPhysicalMemory="7615"
	LogicalProcessorsPerPhysical="2"
	ProcessorClockFrequency="2796.03"
	>
	<Testing>
		<StartDateTime>Mar 20 09:23 CET</StartDateTime>
		<StartTestTime>1710922991</StartTestTime>
		<TestList/>
		<EndDateTime>Mar 20 09:23 CET</EndDateTime>
		<EndTestTime>1710922991</EndTestTime>
		<ElapsedMinutes>0</ElapsedMinutes>
	</Testing>
</Site>
