<?xml version="1.0" encoding="UTF-8"?>
<Site BuildName="Linux-c++"
	BuildStamp="20240324-2017-Experimental"
	Name="olivier-Precision-7720"
	Generator="ctest-3.22.1"
	CompilerName="/usr/bin/c++"
	CompilerVersion="11.4.0"
	OSName="Linux"
	Hostname="olivier-Precision-7720"
	OSRelease="6.5.0-25-generic"
	OSVersion="#25~22.04.1-Ubuntu SMP PREEMPT_DYNAMIC Tue Feb 20 16:09:15 UTC 2"
	OSPlatform="x86_64"
	Is64Bits="1"
	VendorString="GenuineIntel"
	VendorID="Intel Corporation"
	FamilyID="6"
	ModelID="94"
	ProcessorCacheSize="8192"
	NumberOfLogicalCPU="8"
	NumberOfPhysicalCPU="4"
	TotalVirtualMemory="2047"
	TotalPhysicalMemory="15547"
	LogicalProcessorsPerPhysical="2"
	ProcessorClockFrequency="3374.95"
	>
	<Testing>
		<StartDateTime>Mar 24 21:17 CET</StartDateTime>
		<StartTestTime>1711311433</StartTestTime>
		<TestList/>
		<EndDateTime>Mar 24 21:17 CET</EndDateTime>
		<EndTestTime>1711311433</EndTestTime>
		<ElapsedMinutes>0</ElapsedMinutes>
	</Testing>
</Site>
