<?xml version="1.0" encoding="UTF-8"?>
<Site BuildName="Linux-c++"
	BuildStamp="20240313-0758-Experimental"
	Name="maxence-HP-ProBook-440-G8-Notebook-PC"
	Generator="ctest-3.28.1"
	CompilerName="/usr/bin/c++"
	CompilerVersion="11.4.0"
	OSName="Linux"
	Hostname="maxence-HP-ProBook-440-G8-Notebook-PC"
	OSRelease="6.5.0-21-generic"
	OSVersion="#21~22.04.1-Ubuntu SMP PREEMPT_DYNAMIC Fri Feb  9 13:32:52 UTC 2"
	OSPlatform="x86_64"
	Is64Bits="1"
	VendorString="GenuineIntel"
	VendorID="Intel Corporation"
	FamilyID="6"
	ModelID="140"
	ProcessorCacheSize="8192"
	NumberOfLogicalCPU="8"
	NumberOfPhysicalCPU="4"
	TotalVirtualMemory="2047"
	TotalPhysicalMemory="7615"
	LogicalProcessorsPerPhysical="2"
	ProcessorClockFrequency="2728.68"
	>
	<Testing>
		<StartDateTime>Mar 13 08:58 CET</StartDateTime>
		<StartTestTime>1710316733</StartTestTime>
		<TestList/>
		<EndDateTime>Mar 13 08:58 CET</EndDateTime>
		<EndTestTime>1710316733</EndTestTime>
		<ElapsedMinutes>0</ElapsedMinutes>
	</Testing>
</Site>
